0 info it worked if it ends with ok
1 verbose cli [ '/home/pim/.nvm/versions/node/v6.17.1/bin/node',
1 verbose cli   '/home/pim/.nvm/versions/node/v6.17.1/bin/npm',
1 verbose cli   'run',
1 verbose cli   'test' ]
2 info using npm@3.10.10
3 info using node@v6.17.1
4 verbose run-script [ 'pretest', 'test', 'posttest' ]
5 info lifecycle karma-chrome-launcher@3.1.0~pretest: karma-chrome-launcher@3.1.0
6 verbose lifecycle karma-chrome-launcher@3.1.0~pretest: unsafe-perm in lifecycle true
7 verbose lifecycle karma-chrome-launcher@3.1.0~pretest: PATH: /home/pim/.nvm/versions/node/v6.17.1/lib/node_modules/npm/bin/node-gyp-bin:/mnt/wsl/d/repos/karma-chrome-launcher/node_modules/.bin:/home/pim/.vscode-server/bin/2aae1f26c72891c399f860409176fe435a154b13/bin:/home/pim/.nvm/versions/node/v6.17.1/bin:/usr/local/sbin:/usr/local/bin:/usr/sbin:/usr/bin:/sbin:/bin:/usr/games:/usr/local/games:/mnt/c/Program Files (x86)/Intel/iCLS Client/:/mnt/c/Program Files/Intel/iCLS Client/:/mnt/c/Windows/system32:/mnt/c/Windows:/mnt/c/Windows/System32/Wbem:/mnt/c/Windows/System32/WindowsPowerShell/v1.0/:/mnt/c/Program Files (x86)/NVIDIA Corporation/PhysX/Common:/mnt/c/Program Files (x86)/Intel/Intel(R) Management Engine Components/DAL:/mnt/c/Program Files/Intel/Intel(R) Management Engine Components/DAL:/mnt/c/Program Files (x86)/Intel/Intel(R) Management Engine Components/IPT:/mnt/c/Program Files/Intel/Intel(R) Management Engine Components/IPT:/mnt/c/WINDOWS/system32:/mnt/c/WINDOWS:/mnt/c/WINDOWS/System32/Wbem:/mnt/c/WINDOWS/System32/WindowsPowerShell/v1.0/:/mnt/d/Apps/XAMPP/php:/mnt/c/ProgramData/ComposerSetup/bin:/mnt/c/WINDOWS/System32/OpenSSH/:/mnt/c/Program Files/NVIDIA Corporation/NVIDIA NvDLISR:/mnt/c/WINDOWS/system32:/mnt/c/WINDOWS:/mnt/c/WINDOWS/System32/Wbem:/mnt/c/WINDOWS/System32/WindowsPowerShell/v1.0/:/mnt/c/WINDOWS/System32/OpenSSH/:/mnt/c/Program Files/PuTTY/:/mnt/c/Program Files (x86)/Yarn/bin/:/mnt/c/Users/pimve/AppData/Roaming/nvm:/mnt/c/Program Files/nodejs:/mnt/c/Program Files/Docker/Docker/resources/bin:/mnt/c/ProgramData/DockerDesktop/version-bin:/mnt/c/Program Files/Git/cmd:/mnt/c/Users/pimve/.windows-build-tools/python27/:/mnt/c/Users/pimve/AppData/Local/Microsoft/WindowsApps:/mnt/c/Program Files/Microsoft VS Code/bin:/mnt/c/Users/pimve/AppData/Roaming/Composer/vendor/bin:/mnt/c/Program Files/Microsoft VS Code Insiders/bin:/mnt/c/Users/pimve/AppData/Local/Programs/Microsoft VS Code/bin:/mnt/c/Users/pimve/AppData/Local/Google/Cloud SDK/google-cloud-sdk/bin:/mnt/c/Users/pimve/AppData/Roaming/npm:/mnt/c/Users/pimve/AppData/Local/Yarn/bin:/mnt/c/Users/pimve/AppData/Roaming/nvm:/mnt/c/Program Files/nodejs:/mnt/c/Users/pimve/AppData/Local/Microsoft/WindowsApps:/snap/bin
8 verbose lifecycle karma-chrome-launcher@3.1.0~pretest: CWD: /mnt/wsl/d/repos/karma-chrome-launcher
9 silly lifecycle karma-chrome-launcher@3.1.0~pretest: Args: [ '-c', 'npm run lint' ]
10 silly lifecycle karma-chrome-launcher@3.1.0~pretest: Returned: code: 0  signal: null
11 info lifecycle karma-chrome-launcher@3.1.0~test: karma-chrome-launcher@3.1.0
12 verbose lifecycle karma-chrome-launcher@3.1.0~test: unsafe-perm in lifecycle true
13 verbose lifecycle karma-chrome-launcher@3.1.0~test: PATH: /home/pim/.nvm/versions/node/v6.17.1/lib/node_modules/npm/bin/node-gyp-bin:/mnt/wsl/d/repos/karma-chrome-launcher/node_modules/.bin:/home/pim/.vscode-server/bin/2aae1f26c72891c399f860409176fe435a154b13/bin:/home/pim/.nvm/versions/node/v6.17.1/bin:/usr/local/sbin:/usr/local/bin:/usr/sbin:/usr/bin:/sbin:/bin:/usr/games:/usr/local/games:/mnt/c/Program Files (x86)/Intel/iCLS Client/:/mnt/c/Program Files/Intel/iCLS Client/:/mnt/c/Windows/system32:/mnt/c/Windows:/mnt/c/Windows/System32/Wbem:/mnt/c/Windows/System32/WindowsPowerShell/v1.0/:/mnt/c/Program Files (x86)/NVIDIA Corporation/PhysX/Common:/mnt/c/Program Files (x86)/Intel/Intel(R) Management Engine Components/DAL:/mnt/c/Program Files/Intel/Intel(R) Management Engine Components/DAL:/mnt/c/Program Files (x86)/Intel/Intel(R) Management Engine Components/IPT:/mnt/c/Program Files/Intel/Intel(R) Management Engine Components/IPT:/mnt/c/WINDOWS/system32:/mnt/c/WINDOWS:/mnt/c/WINDOWS/System32/Wbem:/mnt/c/WINDOWS/System32/WindowsPowerShell/v1.0/:/mnt/d/Apps/XAMPP/php:/mnt/c/ProgramData/ComposerSetup/bin:/mnt/c/WINDOWS/System32/OpenSSH/:/mnt/c/Program Files/NVIDIA Corporation/NVIDIA NvDLISR:/mnt/c/WINDOWS/system32:/mnt/c/WINDOWS:/mnt/c/WINDOWS/System32/Wbem:/mnt/c/WINDOWS/System32/WindowsPowerShell/v1.0/:/mnt/c/WINDOWS/System32/OpenSSH/:/mnt/c/Program Files/PuTTY/:/mnt/c/Program Files (x86)/Yarn/bin/:/mnt/c/Users/pimve/AppData/Roaming/nvm:/mnt/c/Program Files/nodejs:/mnt/c/Program Files/Docker/Docker/resources/bin:/mnt/c/ProgramData/DockerDesktop/version-bin:/mnt/c/Program Files/Git/cmd:/mnt/c/Users/pimve/.windows-build-tools/python27/:/mnt/c/Users/pimve/AppData/Local/Microsoft/WindowsApps:/mnt/c/Program Files/Microsoft VS Code/bin:/mnt/c/Users/pimve/AppData/Roaming/Composer/vendor/bin:/mnt/c/Program Files/Microsoft VS Code Insiders/bin:/mnt/c/Users/pimve/AppData/Local/Programs/Microsoft VS Code/bin:/mnt/c/Users/pimve/AppData/Local/Google/Cloud SDK/google-cloud-sdk/bin:/mnt/c/Users/pimve/AppData/Roaming/npm:/mnt/c/Users/pimve/AppData/Local/Yarn/bin:/mnt/c/Users/pimve/AppData/Roaming/nvm:/mnt/c/Program Files/nodejs:/mnt/c/Users/pimve/AppData/Local/Microsoft/WindowsApps:/snap/bin
14 verbose lifecycle karma-chrome-launcher@3.1.0~test: CWD: /mnt/wsl/d/repos/karma-chrome-launcher
15 silly lifecycle karma-chrome-launcher@3.1.0~test: Args: [ '-c', 'grunt test' ]
16 silly lifecycle karma-chrome-launcher@3.1.0~test: Returned: code: 1  signal: null
17 info lifecycle karma-chrome-launcher@3.1.0~test: Failed to exec test script
18 verbose stack Error: karma-chrome-launcher@3.1.0 test: `grunt test`
18 verbose stack Exit status 1
18 verbose stack     at EventEmitter.<anonymous> (/home/pim/.nvm/versions/node/v6.17.1/lib/node_modules/npm/lib/utils/lifecycle.js:255:16)
18 verbose stack     at emitTwo (events.js:106:13)
18 verbose stack     at EventEmitter.emit (events.js:191:7)
18 verbose stack     at ChildProcess.<anonymous> (/home/pim/.nvm/versions/node/v6.17.1/lib/node_modules/npm/lib/utils/spawn.js:40:14)
18 verbose stack     at emitTwo (events.js:106:13)
18 verbose stack     at ChildProcess.emit (events.js:191:7)
18 verbose stack     at maybeClose (internal/child_process.js:920:16)
18 verbose stack     at Process.ChildProcess._handle.onexit (internal/child_process.js:230:5)
19 verbose pkgid karma-chrome-launcher@3.1.0
20 verbose cwd /mnt/wsl/d/repos/karma-chrome-launcher
21 error Linux 4.19.84-microsoft-standard
22 error argv "/home/pim/.nvm/versions/node/v6.17.1/bin/node" "/home/pim/.nvm/versions/node/v6.17.1/bin/npm" "run" "test"
23 error node v6.17.1
24 error npm  v3.10.10
25 error code ELIFECYCLE
26 error karma-chrome-launcher@3.1.0 test: `grunt test`
26 error Exit status 1
27 error Failed at the karma-chrome-launcher@3.1.0 test script 'grunt test'.
27 error Make sure you have the latest version of node.js and npm installed.
27 error If you do, this is most likely a problem with the karma-chrome-launcher package,
27 error not with npm itself.
27 error Tell the author that this fails on your system:
27 error     grunt test
27 error You can get information on how to open an issue for this project with:
27 error     npm bugs karma-chrome-launcher
27 error Or if that isn't available, you can get their info via:
27 error     npm owner ls karma-chrome-launcher
27 error There is likely additional logging output above.
28 verbose exit [ 1, true ]
